Release 14.7 - ngc2edif P.20131013 (nt64)
Copyright (c) 1995-2013 Xilinx, Inc.  All rights reserved.
Reading design ledBitStream.ngc ...
WARNING:NetListWriters:298 - No output is written to ledBitStream.xncf, ignored.
Processing design ...
   Preping design's networks ...
   Preping design's macros ...
  finished :Prep
Writing EDIF netlist file ledBitStream.edif ...
ngc2edif: Total memory usage is 101324 kilobytes

Release 14.7 - ngc2edif P.20131013 (nt64)
Copyright (c) 1995-2013 Xilinx, Inc.  All rights reserved.
Reading design ledBitStream.ngc ...
WARNING:NetListWriters:298 - No output is written to ledBitStream.xncf, ignored.
Processing design ...
   Preping design's networks ...
   Preping design's macros ...
  finished :Prep
Writing EDIF netlist file ledBitStream.edif ...
ngc2edif: Total memory usage is 101836 kilobytes

Release 14.7 - ngc2edif P.20131013 (nt64)
Copyright (c) 1995-2013 Xilinx, Inc.  All rights reserved.
Reading design ledBitStream.ngc ...
WARNING:NetListWriters:298 - No output is written to ledBitStream.xncf, ignored.
Processing design ...
   Preping design's networks ...
   Preping design's macros ...
  finished :Prep
Writing EDIF netlist file ledBitStream.edif ...
ngc2edif: Total memory usage is 101516 kilobytes

Release 14.7 - ngc2edif P.20131013 (nt64)
Copyright (c) 1995-2013 Xilinx, Inc.  All rights reserved.
Reading design ledBitStream.ngc ...
WARNING:NetListWriters:298 - No output is written to ledBitStream.xncf, ignored.
Processing design ...
   Preping design's networks ...
   Preping design's macros ...
  finished :Prep
Writing EDIF netlist file ledBitStream.edif ...
ngc2edif: Total memory usage is 100940 kilobytes

Release 14.7 - ngc2edif P.20131013 (nt64)
Copyright (c) 1995-2013 Xilinx, Inc.  All rights reserved.
Reading design ledBitStream.ngc ...
WARNING:NetListWriters:298 - No output is written to ledBitStream.xncf, ignored.
Processing design ...
   Preping design's networks ...
   Preping design's macros ...
  finished :Prep
Writing EDIF netlist file ledBitStream.edif ...
ngc2edif: Total memory usage is 100940 kilobytes

Release 14.7 - ngc2edif P.20131013 (nt64)
Copyright (c) 1995-2013 Xilinx, Inc.  All rights reserved.
Reading design ledBitStream.ngc ...
WARNING:NetListWriters:298 - No output is written to ledBitStream.xncf, ignored.
Processing design ...
   Preping design's networks ...
   Preping design's macros ...
  finished :Prep
Writing EDIF netlist file ledBitStream.edif ...
ngc2edif: Total memory usage is 100940 kilobytes

Release 14.7 - ngc2edif P.20131013 (nt64)
Copyright (c) 1995-2013 Xilinx, Inc.  All rights reserved.
Reading design ledBitStream.ngc ...
WARNING:NetListWriters:298 - No output is written to ledBitStream.xncf, ignored.
Processing design ...
   Preping design's networks ...
   Preping design's macros ...
  finished :Prep
Writing EDIF netlist file ledBitStream.edif ...
ngc2edif: Total memory usage is 101964 kilobytes

Release 14.7 - ngc2edif P.20131013 (nt64)
Copyright (c) 1995-2013 Xilinx, Inc.  All rights reserved.
Reading design ledBitStream.ngc ...
WARNING:NetListWriters:298 - No output is written to ledBitStream.xncf, ignored.
Processing design ...
   Preping design's networks ...
   Preping design's macros ...
WARNING:NetListWriters:306 - Signal bus Maddsub_bitCount_mux0001_lut<31 : 0> on
   block ledBitStream is not reconstructed, because there are some missing bus
   signals.
WARNING:NetListWriters:306 - Signal bus Mcompar_bitCount_cmp_gt0000_lut<9 : 0>
   on block ledBitStream is not reconstructed, because there are some missing
   bus signals.
  finished :Prep
Writing EDIF netlist file ledBitStream.edif ...
ngc2edif: Total memory usage is 106008 kilobytes

